This file contains any messages produced by compilers while
running configure, to aid debugging if configure makes a mistake.

It was created by MinGW libgnurx configure 2.5.1, which was
generated by GNU Autoconf 2.59.  Invocation command line was

  $ ./configure 

## --------- ##
## Platform. ##
## --------- ##

hostname = Chum
uname -m = i686
uname -r = 1.0.18(0.48/3/2)
uname -s = MINGW32_NT-6.1
uname -v = 2012-11-21 22:34

/usr/bin/uname -p = unknown
/bin/uname -X     = unknown

/bin/arch              = unknown
/usr/bin/arch -k       = unknown
/usr/convex/getsysinfo = unknown
hostinfo               = unknown
/bin/machine           = unknown
/usr/bin/oslevel       = unknown
/bin/universe          = unknown

PATH: /c/program files (x86)/git/cmd
PATH: .
PATH: /usr/local/bin
PATH: /mingw/bin
PATH: /bin
PATH: /mingw/mingw64/bin
PATH: /c/Program Files (x86)/Common Files/Intel/Shared Libraries/redist/intel64/compiler
PATH: /c/Program Files (x86)/Common Files/Intel/Shared Libraries/redist/ia32/compiler
PATH: /c/Program Files (x86)/Parallels/Parallels Tools/Applications
PATH: /c/Windows/system32
PATH: /c/Windows
PATH: /c/Windows/System32/Wbem
PATH: /c/Windows/System32/WindowsPowerShell/v1.0/
PATH: /c/Program Files (x86)/Windows Kits/8.0/Windows Performance Toolkit/
PATH: /c/Program Files/Microsoft SQL Server/110/Tools/Binn/
PATH: /c/Program Files (x86)/Git/cmd


## ----------- ##
## Core tests. ##
## ----------- ##

configure:1315: checking for gcc
configure:1331: found /mingw/mingw64/bin/gcc
configure:1341: result: gcc
configure:1585: checking for C compiler version
configure:1588: gcc --version </dev/null >&5
gcc.exe (rubenvb-4.7.4-release) 4.7.3
Copyright (C) 2012 Free Software Foundation, Inc.
This is free software; see the source for copying conditions.  There is NO
warranty; not even for MERCHANTABILITY or FITNESS FOR A PARTICULAR PURPOSE.

configure:1591: $? = 0
configure:1593: gcc -v </dev/null >&5
Using built-in specs.
COLLECT_GCC=C:\MinGW\mingw64\bin\gcc.exe
COLLECT_LTO_WRAPPER=c:/mingw/mingw64/bin/../libexec/gcc/x86_64-w64-mingw32/4.7.3/lto-wrapper.exe
Target: x86_64-w64-mingw32
Configured with: /home/ruben/mingw-w64/src/gcc/configure --host=x86_64-w64-mingw32 --build=x86_64-linux-gnu --target=x86_64-w64-mingw32 --with-sysroot=/home/ruben/mingw-w64/mingw64mingw64/mingw64 --prefix=/home/ruben/mingw-w64/mingw64mingw64/mingw64 --with-gmp=/home/ruben/mingw-w64/prereq/x86_64-w64-mingw32/install --with-mpfr=/home/ruben/mingw-w64/prereq/x86_64-w64-mingw32/install --with-mpc=/home/ruben/mingw-w64/prereq/x86_64-w64-mingw32/install --with-ppl=/home/ruben/mingw-w64/prereq/x86_64-w64-mingw32/install --disable-ppl-version-check --with-cloog=/home/ruben/mingw-w64/prereq/x86_64-w64-mingw32/install --disable-cloog-version-check --with-isl=/home/ruben/mingw-w64/prereq/x86_64-w64-mingw32/install --enable-cloog-backend=isl --with-host-libstdcxx='-static -lstdc++ -lm' --enable-shared --enable-static --enable-threads=win32 --enable-plugins --disable-multilib --enable-languages=c,lto,c++,objc,obj-c++,fortran,java --enable-libgomp --enable-fully-dynamic-string --enable-libstdcxx-time --disable-nls --disable-werror --enable-checking=release --with-gnu-as --with-gnu-ld --disable-win32-registry --disable-rpath --disable-werror --with-libiconv-prefix=/home/ruben/mingw-w64/prereq/x86_64-w64-mingw32/install --with-pkgversion=rubenvb-4.7.4-release --with-bugurl=mingw-w64-public@lists.sourceforge.net CC= CFLAGS='-O2 -march=nocona -mtune=core2 -fomit-frame-pointer -momit-leaf-frame-pointer' CXXFLAGS='-O2 -march=nocona -mtune=core2 -fomit-frame-pointer -momit-leaf-frame-pointer' LDFLAGS= 'BOOT_CFLAGS=-O2 -march=nocona -mtune=core2 -fomit-frame-pointer -momit-leaf-frame-pointer' 'BOOT_CXXFLAGS=-O2 -march=nocona -mtune=core2 -fomit-frame-pointer -momit-leaf-frame-pointer' BOOT_LDFLAGS= 'CFLAGS_FOR_TARGET= -O2 -march=nocona -mtune=core2 -fgraphite-identity -floop-interchange -floop-block -floop-parallelize-all' 'CXXFLAGS_FOR_TARGET= -O2 -march=nocona -mtune=core2 -fgraphite-identity -floop-interchange -floop-block -floop-parallelize-all' LDFLAGS_FOR_TARGET=
Thread model: win32
gcc version 4.7.3 (rubenvb-4.7.4-release) 
configure:1596: $? = 0
configure:1598: gcc -V </dev/null >&5
gcc.exe: error: unrecognized command line option '-V'
gcc.exe: fatal error: no input files
compilation terminated.
configure:1601: $? = 1
configure:1624: checking for C compiler default output file name
configure:1627: gcc  -D_WIN32_WINNT=0x0501  conftest.c  >&5
configure:1630: $? = 0
configure:1676: result: a.exe
configure:1681: checking whether the C compiler works
configure:1687: ./a.exe
configure:1690: $? = 0
configure:1707: result: yes
configure:1714: checking whether we are cross compiling
configure:1716: result: no
configure:1719: checking for suffix of executables
configure:1721: gcc -o conftest.exe  -D_WIN32_WINNT=0x0501  conftest.c  >&5
configure:1724: $? = 0
configure:1749: result: .exe
configure:1755: checking for suffix of object files
configure:1776: gcc -c  -D_WIN32_WINNT=0x0501 conftest.c >&5
configure:1779: $? = 0
configure:1801: result: o
configure:1805: checking whether we are using the GNU C compiler
configure:1829: gcc -c  -D_WIN32_WINNT=0x0501 conftest.c >&5
configure:1835: $? = 0
configure:1839: test -z 
			 || test ! -s conftest.err
configure:1842: $? = 0
configure:1845: test -s conftest.o
configure:1848: $? = 0
configure:1861: result: yes
configure:1867: checking whether gcc accepts -g
configure:1888: gcc -c -g -D_WIN32_WINNT=0x0501 conftest.c >&5
configure:1894: $? = 0
configure:1898: test -z 
			 || test ! -s conftest.err
configure:1901: $? = 0
configure:1904: test -s conftest.o
configure:1907: $? = 0
configure:1918: result: yes
configure:1935: checking for gcc option to accept ANSI C
configure:2005: gcc  -c -g -O2 -D_WIN32_WINNT=0x0501 conftest.c >&5
configure:2011: $? = 0
configure:2015: test -z 
			 || test ! -s conftest.err
configure:2018: $? = 0
configure:2021: test -s conftest.o
configure:2024: $? = 0
configure:2042: result: none needed
configure:2060: gcc -c -g -O2 -D_WIN32_WINNT=0x0501 conftest.c >&5
conftest.c:2:3: error: unknown type name 'choke'
conftest.c:2:3: error: expected '=', ',', ';', 'asm' or '__attribute__' at end of input
configure:2066: $? = 1
configure: failed program was:
| #ifndef __cplusplus
|   choke me
| #endif
configure:2207: checking whether gcc accepts the -mthreads option
configure:2211: result: yes
configure:2220: checking whether gcc accepts the -mtune=pentium3 option
conftest.c:1:0: error: CPU you selected does not support x86-64 instruction set
configure:2228: result: no
failed program was:
| int main(void){return 0;}
configure:2315: checking for lib
configure:2344: result: no
configure:2525: creating ./config.status

## ---------------------- ##
## Running config.status. ##
## ---------------------- ##

This file was extended by MinGW libgnurx config.status 2.5.1, which was
generated by GNU Autoconf 2.59.  Invocation command line was

  CONFIG_FILES    = 
  CONFIG_HEADERS  = 
  CONFIG_LINKS    = 
  CONFIG_COMMANDS = 
  $ ./config.status 

on Chum

config.status:639: creating Makefile

## ---------------- ##
## Cache variables. ##
## ---------------- ##

ac_cv_c_compiler_gnu=yes
ac_cv_env_CC_set=
ac_cv_env_CC_value=
ac_cv_env_CFLAGS_set=
ac_cv_env_CFLAGS_value=
ac_cv_env_CPPFLAGS_set=set
ac_cv_env_CPPFLAGS_value=-D_WIN32_WINNT=0x0501
ac_cv_env_LDFLAGS_set=
ac_cv_env_LDFLAGS_value=
ac_cv_env_build_alias_set=
ac_cv_env_build_alias_value=
ac_cv_env_host_alias_set=
ac_cv_env_host_alias_value=
ac_cv_env_target_alias_set=
ac_cv_env_target_alias_value=
ac_cv_exeext=.exe
ac_cv_objext=o
ac_cv_prog_ac_ct_CC=gcc
ac_cv_prog_cc_g=yes
ac_cv_prog_cc_stdc=

## ----------------- ##
## Output variables. ##
## ----------------- ##

CC='gcc'
CC_QUALIFIED='gcc -mthreads'
CFLAGS='-g -O2'
CPPFLAGS='-D_WIN32_WINNT=0x0501'
DEFS='-DPACKAGE_NAME=\"MinGW\ libgnurx\" -DPACKAGE_TARNAME=\"mingw-libgnurx\" -DPACKAGE_VERSION=\"2.5.1\" -DPACKAGE_STRING=\"MinGW\ libgnurx\ 2.5.1\" -DPACKAGE_BUGREPORT=\"https://sourceforge.net/tracker/\?group_id=2435\&atid=102435\" '
DLLVERSION='0'
ECHO_C=''
ECHO_N='-n'
ECHO_T=''
EXEEXT='.exe'
GNURX_LIB=''
LDFLAGS=' -Wl,--enable-auto-image-base -Wl,--out-implib,libgnurx.dll.a'
LIBOBJS=''
LIBS=''
LTLIBOBJS=''
MSVCLIB=''
OBJEXT='o'
PACKAGE_BUGREPORT='https://sourceforge.net/tracker/?group_id=2435&atid=102435'
PACKAGE_NAME='MinGW libgnurx'
PACKAGE_STRING='MinGW libgnurx 2.5.1'
PACKAGE_TARNAME='mingw-libgnurx'
PACKAGE_VERSION='2.5.1'
PATH_SEPARATOR=':'
SHELL='/bin/sh'
ZIPCMD='tar czhf'
ZIPEXT='.tar.gz'
ac_ct_CC='gcc'
ac_ct_MSVCLIB=''
bindir='${exec_prefix}/bin'
build_alias=''
datadir='${prefix}/share'
exec_prefix='${prefix}'
host_alias=''
includedir='${prefix}/include'
infodir='${prefix}/info'
install_dev='install-dev'
libdir='${exec_prefix}/lib'
libexecdir='${exec_prefix}/libexec'
localstatedir='${prefix}/var'
mandir='${prefix}/man'
oldincludedir='/usr/include'
prefix='/usr/local'
program_transform_name='s,x,x,'
sbindir='${exec_prefix}/sbin'
sharedstatedir='${prefix}/com'
sysconfdir='${prefix}/etc'
target_alias=''

## ----------- ##
## confdefs.h. ##
## ----------- ##

#define PACKAGE_BUGREPORT "https://sourceforge.net/tracker/?group_id=2435&atid=102435"
#define PACKAGE_NAME "MinGW libgnurx"
#define PACKAGE_STRING "MinGW libgnurx 2.5.1"
#define PACKAGE_TARNAME "mingw-libgnurx"
#define PACKAGE_VERSION "2.5.1"

configure: exit 0
